<?xml version="1.0" encoding="UTF-8" ?>
<testsuite failures="0" time="0.006" errors="0" skipped="0" tests="4" name="org.robot.database.keywords.test.DatabaseLibraryConnectionTest">
  <properties>
[...]
</properties>
  <testcase time="0" classname="org.robot.database.keywords.test.DatabaseLibraryConnectionTest" name="checkConnectToDatabase"/>
  <testcase time="0.001" classname="org.robot.database.keywords.test.DatabaseLibraryConnectionTest" name="checkConnectToDatabaseWithWrongUsername"/>
  <testcase time="0.001" classname="org.robot.database.keywords.test.DatabaseLibraryConnectionTest" name="checkDisconnectFromDatabase"/>
  <testcase time="0" classname="org.robot.database.keywords.test.DatabaseLibraryConnectionTest" name="checkIllegalStateExceptionWithoutConnect"/>
</testsuite>