<?xml version="1.0" encoding="UTF-8" ?>
<testsuite failures="0" time="0.425" errors="0" skipped="0" tests="43" name="org.robot.database.keywords.test.DatabaseLibraryTest">
  <properties>
[...]
</properties>
  <testcase time="0.061" classname="org.robot.database.keywords.test.DatabaseLibraryTest" name="checktable_must_be_empty_OnEmptyTable"/>
  <testcase time="0.005" classname="org.robot.database.keywords.test.DatabaseLibraryTest" name="checktable_must_be_empty_OnTableNotEmpty"/>
  <testcase time="0.016" classname="org.robot.database.keywords.test.DatabaseLibraryTest" name="checkTableMustExist_ThatExists"/>
  <testcase time="0.006" classname="org.robot.database.keywords.test.DatabaseLibraryTest" name="checkTableMustExist_ThatDoesNotExist"/>
  <testcase time="0.003" classname="org.robot.database.keywords.test.DatabaseLibraryTest" name="checkdelete_all_rows_from_table"/>
  <testcase time="0.004" classname="org.robot.database.keywords.test.DatabaseLibraryTest" name="checktable_must_contain_number_of_rows"/>
  <testcase time="0.003" classname="org.robot.database.keywords.test.DatabaseLibraryTest" name="checktable_must_contain_number_of_rows_WrongNumber"/>
  <testcase time="0.004" classname="org.robot.database.keywords.test.DatabaseLibraryTest" name="checktable_must_contain_more_than_number_of_rows"/>
  <testcase time="0.003" classname="org.robot.database.keywords.test.DatabaseLibraryTest" name="checktable_must_contain_more_than_number_of_rows_SameNumbers"/>
  <testcase time="0.003" classname="org.robot.database.keywords.test.DatabaseLibraryTest" name="checktable_must_contain_more_than_number_of_rows_MoreNumbers"/>
  <testcase time="0.003" classname="org.robot.database.keywords.test.DatabaseLibraryTest" name="checktable_must_contain_less_than_number_of_rows"/>
  <testcase time="0.002" classname="org.robot.database.keywords.test.DatabaseLibraryTest" name="checktable_must_contain_less_than_number_of_rows_SameNumbers"/>
  <testcase time="0.003" classname="org.robot.database.keywords.test.DatabaseLibraryTest" name="checktable_must_contain_less_than_number_of_rows_LessNumbers"/>
  <testcase time="0.003" classname="org.robot.database.keywords.test.DatabaseLibraryTest" name="checkTablesMustContainSameAmountOfRows"/>
  <testcase time="0.003" classname="org.robot.database.keywords.test.DatabaseLibraryTest" name="checkTablesMustContainSameAmountOfRows_ButTheyDoNot"/>
  <testcase time="0.006" classname="org.robot.database.keywords.test.DatabaseLibraryTest" name="checkCheckContentIdentifiedbyRownum"/>
  <testcase time="0.004" classname="org.robot.database.keywords.test.DatabaseLibraryTest" name="checkCheckContentIdentifiedbyRownum_WrongValues"/>
  <testcase time="0.004" classname="org.robot.database.keywords.test.DatabaseLibraryTest" name="checkCheckContentIdentifiedbyRownum_NoRecordFound"/>
  <testcase time="0.004" classname="org.robot.database.keywords.test.DatabaseLibraryTest" name="checkCheckContentIdentifiedbyWhereClause"/>
  <testcase time="0.003" classname="org.robot.database.keywords.test.DatabaseLibraryTest" name="checkCheckContentIdentifiedbyWhereClause_WrongValues"/>
  <testcase time="0.004" classname="org.robot.database.keywords.test.DatabaseLibraryTest" name="checkCheckContentIdentifiedbyWhereClause_NoRecordFound"/>
  <testcase time="0.003" classname="org.robot.database.keywords.test.DatabaseLibraryTest" name="checkCheckContentIdentifiedbyWhereClause_MoreThanOneRecordFound"/>
  <testcase time="0.003" classname="org.robot.database.keywords.test.DatabaseLibraryTest" name="checkGetTransactionIsolationLevel"/>
  <testcase time="0.003" classname="org.robot.database.keywords.test.DatabaseLibraryTest" name="checktransactionIsolationLevelMustBe"/>
  <testcase time="0.004" classname="org.robot.database.keywords.test.DatabaseLibraryTest" name="checktransactionIsolationLevelMustBe_WithWrongLevelName"/>
  <testcase time="0.009" classname="org.robot.database.keywords.test.DatabaseLibraryTest" name="checkReadSingleValueFromTable"/>
  <testcase time="0.004" classname="org.robot.database.keywords.test.DatabaseLibraryTest" name="checkReadSingleValueFromTableReturnsEmptyStringIfNoMatch"/>
  <testcase time="0.004" classname="org.robot.database.keywords.test.DatabaseLibraryTest" name="checkGetPrimaryKeyColumnsForTable"/>
  <testcase time="0.003" classname="org.robot.database.keywords.test.DatabaseLibraryTest" name="checkCheckPrimaryKeyColumnsForTable"/>
  <testcase time="0.004" classname="org.robot.database.keywords.test.DatabaseLibraryTest" name="checkCheckPrimaryKeyColumnsForTable_NoMatch"/>
  <testcase time="0.003" classname="org.robot.database.keywords.test.DatabaseLibraryTest" name="checkCheckPrimaryKeyColumnsForTable_WrongTableName"/>
  <testcase time="0.005" classname="org.robot.database.keywords.test.DatabaseLibraryTest" name="checkExecuteSQL"/>
  <testcase time="0.004" classname="org.robot.database.keywords.test.DatabaseLibraryTest" name="checkVerifyNumberOfRowsMatchingWhereSuccessOneMatch"/>
  <testcase time="0.003" classname="org.robot.database.keywords.test.DatabaseLibraryTest" name="checkVerifyNumberOfRowsMatchingWhereSuccessNoMatch"/>
  <testcase time="0.002" classname="org.robot.database.keywords.test.DatabaseLibraryTest" name="checkVerifyNumberOfRowsMatchingWhereFailure"/>
  <testcase time="0.006" classname="org.robot.database.keywords.test.DatabaseLibraryTest" name="checkStoreQueryResultToFile"/>
  <testcase time="0.004" classname="org.robot.database.keywords.test.DatabaseLibraryTest" name="checkCompareQueryResultToFileWhereFileMatches"/>
  <testcase time="0.005" classname="org.robot.database.keywords.test.DatabaseLibraryTest" name="checkCompareQueryResultToFileWhereFileHasTooFewRows"/>
  <testcase time="0.005" classname="org.robot.database.keywords.test.DatabaseLibraryTest" name="checkCompareQueryResultToFileWhereFileHasTooManyRows"/>
  <testcase time="0.004" classname="org.robot.database.keywords.test.DatabaseLibraryTest" name="checkCompareQueryResultToFileWhereFileHasInvalidRow"/>
  <testcase time="0.003" classname="org.robot.database.keywords.test.DatabaseLibraryTest" name="checkCompareQueryResultToFileWhereFileNotFound"/>
  <testcase time="0.004" classname="org.robot.database.keywords.test.DatabaseLibraryTest" name="checkRowShouldNotExistInTable"/>
  <testcase time="0.004" classname="org.robot.database.keywords.test.DatabaseLibraryTest" name="checkRowShouldNotExistInTableFailsIfRowExists"/>
</testsuite>